g:\winter2022\game157b\componentframework22.0.0\componentframework\debug\vc142.pdb
g:\winter2022\game157b\componentframework22.0.0\componentframework\debug\vc142.idb
g:\winter2022\game157b\componentframework22.0.0\componentframework\debug\window.obj
g:\winter2022\game157b\componentframework22.0.0\componentframework\debug\vmath.obj
g:\winter2022\game157b\componentframework22.0.0\componentframework\debug\timer.obj
g:\winter2022\game157b\componentframework22.0.0\componentframework\debug\shader.obj
g:\winter2022\game157b\componentframework22.0.0\componentframework\debug\scene0.obj
g:\winter2022\game157b\componentframework22.0.0\componentframework\debug\mmath.obj
g:\winter2022\game157b\componentframework22.0.0\componentframework\debug\main.obj
g:\winter2022\game157b\componentframework22.0.0\componentframework\debug\scenemanager.obj
g:\winter2022\game157b\componentframework22.0.0\componentframework\debug\mesh.obj
g:\winter2022\game157b\componentframework22.0.0\componentframework\debug\debug.obj
g:\winter2022\game157b\componentframework22.0.0\componentframework\debug\actor.obj
g:\winter2022\game157b\componentframework22.0.0\debug\componentframework.exe
g:\winter2022\game157b\componentframework22.0.0\componentframework\debug\componentframework.ilk
g:\winter2022\game157b\componentframework22.0.0\debug\componentframework.pdb
g:\winter2022\game157b\componentframework22.0.0\componentframework\debug\componen.614c2865.tlog\cl.command.1.tlog
g:\winter2022\game157b\componentframework22.0.0\componentframework\debug\componen.614c2865.tlog\cl.read.1.tlog
g:\winter2022\game157b\componentframework22.0.0\componentframework\debug\componen.614c2865.tlog\cl.write.1.tlog
g:\winter2022\game157b\componentframework22.0.0\componentframework\debug\componen.614c2865.tlog\link.command.1.tlog
g:\winter2022\game157b\componentframework22.0.0\componentframework\debug\componen.614c2865.tlog\link.read.1.tlog
g:\winter2022\game157b\componentframework22.0.0\componentframework\debug\componen.614c2865.tlog\link.write.1.tlog
