c:\users\sekan\documents\school\graphics-componentframework22.0.0\componentframework\debug\vc143.pdb
c:\users\sekan\documents\school\graphics-componentframework22.0.0\componentframework\debug\vc143.idb
c:\users\sekan\documents\school\graphics-componentframework22.0.0\componentframework\debug\window.obj
c:\users\sekan\documents\school\graphics-componentframework22.0.0\componentframework\debug\vmath.obj
c:\users\sekan\documents\school\graphics-componentframework22.0.0\componentframework\debug\timer.obj
c:\users\sekan\documents\school\graphics-componentframework22.0.0\componentframework\debug\texture.obj
c:\users\sekan\documents\school\graphics-componentframework22.0.0\componentframework\debug\shader.obj
c:\users\sekan\documents\school\graphics-componentframework22.0.0\componentframework\debug\scene0.obj
c:\users\sekan\documents\school\graphics-componentframework22.0.0\componentframework\debug\mmath.obj
c:\users\sekan\documents\school\graphics-componentframework22.0.0\componentframework\debug\main.obj
c:\users\sekan\documents\school\graphics-componentframework22.0.0\componentframework\debug\scenemanager.obj
c:\users\sekan\documents\school\graphics-componentframework22.0.0\componentframework\debug\scene7.obj
c:\users\sekan\documents\school\graphics-componentframework22.0.0\componentframework\debug\scene2.obj
c:\users\sekan\documents\school\graphics-componentframework22.0.0\componentframework\debug\scene1.obj
c:\users\sekan\documents\school\graphics-componentframework22.0.0\componentframework\debug\mesh.obj
c:\users\sekan\documents\school\graphics-componentframework22.0.0\componentframework\debug\debug.obj
c:\users\sekan\documents\school\graphics-componentframework22.0.0\componentframework\debug\actor.obj
c:\users\sekan\documents\school\graphics-componentframework22.0.0\componentframework\debug\trackball.obj
c:\users\sekan\documents\school\graphics-componentframework22.0.0\componentframework\debug\scene3.obj
c:\users\sekan\documents\school\graphics-componentframework22.0.0\componentframework\debug\skybox.obj
c:\users\sekan\documents\school\graphics-componentframework22.0.0\componentframework\debug\camera.obj
c:\users\sekan\documents\school\graphics-componentframework22.0.0\componentframework\debug\scene4.obj
c:\users\sekan\desktop\graphics-componentframework22.0.0\componentframework\debug\vc143.pdb
c:\users\sekan\desktop\graphics-componentframework22.0.0\componentframework\debug\vc143.idb
c:\users\sekan\desktop\graphics-componentframework22.0.0\componentframework\debug\window.obj
c:\users\sekan\desktop\graphics-componentframework22.0.0\componentframework\debug\vmath.obj
c:\users\sekan\desktop\graphics-componentframework22.0.0\componentframework\debug\trackball.obj
c:\users\sekan\desktop\graphics-componentframework22.0.0\componentframework\debug\timer.obj
c:\users\sekan\desktop\graphics-componentframework22.0.0\componentframework\debug\texture.obj
c:\users\sekan\desktop\graphics-componentframework22.0.0\componentframework\debug\skybox.obj
c:\users\sekan\desktop\graphics-componentframework22.0.0\componentframework\debug\shader.obj
c:\users\sekan\desktop\graphics-componentframework22.0.0\componentframework\debug\scene0.obj
c:\users\sekan\desktop\graphics-componentframework22.0.0\componentframework\debug\mmath.obj
c:\users\sekan\desktop\graphics-componentframework22.0.0\componentframework\debug\main.obj
c:\users\sekan\desktop\graphics-componentframework22.0.0\componentframework\debug\scenemanager.obj
c:\users\sekan\desktop\graphics-componentframework22.0.0\componentframework\debug\scene4.obj
c:\users\sekan\desktop\graphics-componentframework22.0.0\componentframework\debug\scene3.obj
c:\users\sekan\desktop\graphics-componentframework22.0.0\componentframework\debug\scene2.obj
c:\users\sekan\desktop\graphics-componentframework22.0.0\componentframework\debug\scene1.obj
c:\users\sekan\desktop\graphics-componentframework22.0.0\componentframework\debug\mesh.obj
c:\users\sekan\desktop\graphics-componentframework22.0.0\componentframework\debug\debug.obj
c:\users\sekan\desktop\graphics-componentframework22.0.0\componentframework\debug\camera.obj
c:\users\sekan\desktop\graphics-componentframework22.0.0\componentframework\debug\actor.obj
c:\users\sekan\desktop\graphics-componentframework22.0.0\componentframework\debug\scene5.obj
c:\users\sekan\desktop\graphics-componentframework22.0.0\componentframework\debug\noise.obj
f:\school\graphics_engines\graphics-componentframework22.0.0\componentframework\debug\vc143.pdb
f:\school\graphics_engines\graphics-componentframework22.0.0\componentframework\debug\vc143.idb
f:\school\graphics_engines\graphics-componentframework22.0.0\componentframework\debug\vmath.obj
f:\school\graphics_engines\graphics-componentframework22.0.0\componentframework\debug\trackball.obj
f:\school\graphics_engines\graphics-componentframework22.0.0\componentframework\debug\timer.obj
f:\school\graphics_engines\graphics-componentframework22.0.0\componentframework\debug\texture.obj
f:\school\graphics_engines\graphics-componentframework22.0.0\componentframework\debug\skybox.obj
f:\school\graphics_engines\graphics-componentframework22.0.0\componentframework\debug\shader.obj
f:\school\graphics_engines\graphics-componentframework22.0.0\componentframework\debug\scene0.obj
f:\school\graphics_engines\graphics-componentframework22.0.0\componentframework\debug\mmath.obj
f:\school\graphics_engines\graphics-componentframework22.0.0\componentframework\debug\main.obj
f:\school\graphics_engines\graphics-componentframework22.0.0\componentframework\debug\scenemanager.obj
f:\school\graphics_engines\graphics-componentframework22.0.0\componentframework\debug\scene5.obj
f:\school\graphics_engines\graphics-componentframework22.0.0\componentframework\debug\scene4.obj
f:\school\graphics_engines\graphics-componentframework22.0.0\componentframework\debug\scene3.obj
f:\school\graphics_engines\graphics-componentframework22.0.0\componentframework\debug\scene2.obj
f:\school\graphics_engines\graphics-componentframework22.0.0\componentframework\debug\scene1.obj
f:\school\graphics_engines\graphics-componentframework22.0.0\componentframework\debug\noise.obj
f:\school\graphics_engines\graphics-componentframework22.0.0\componentframework\debug\mesh.obj
f:\school\graphics_engines\graphics-componentframework22.0.0\componentframework\debug\debug.obj
f:\school\graphics_engines\graphics-componentframework22.0.0\componentframework\debug\camera.obj
f:\school\graphics_engines\graphics-componentframework22.0.0\componentframework\debug\actor.obj
f:\school\graphics_engines\graphics-componentframework22.0.0\componentframework\debug\window.obj
c:\users\sekan\documents\school\graphics-componentframework22.0.0\debug\componentframework.exe
c:\users\sekan\documents\school\graphics-componentframework22.0.0\componentframework\debug\componentframework.ilk
c:\users\sekan\documents\school\graphics-componentframework22.0.0\debug\componentframework.pdb
c:\users\sekan\desktop\graphics-componentframework22.0.0\debug\componentframework.exe
c:\users\sekan\desktop\graphics-componentframework22.0.0\componentframework\debug\componentframework.ilk
c:\users\sekan\desktop\graphics-componentframework22.0.0\debug\componentframework.pdb
f:\school\graphics_engines\graphics-componentframework22.0.0\componentframework\debug\componentframework.ilk
f:\school\graphics_engines\graphics-componentframework22.0.0\debug\componentframework.exe
f:\school\graphics_engines\graphics-componentframework22.0.0\debug\componentframework.pdb
f:\school\graphics_engines\graphics-componentframework22.0.0\componentframework\debug\scene7.obj
f:\school\graphics_engines\graphics-componentframework22.0.0\componentframework\debug\scene7.obj.enc
f:\school\graphics_engines\graphics-componentframework22.0.0\componentframework\debug\componen.614c2865.tlog\cl.command.1.tlog
f:\school\graphics_engines\graphics-componentframework22.0.0\componentframework\debug\componen.614c2865.tlog\cl.read.1.tlog
f:\school\graphics_engines\graphics-componentframework22.0.0\componentframework\debug\componen.614c2865.tlog\cl.write.1.tlog
f:\school\graphics_engines\graphics-componentframework22.0.0\componentframework\debug\componen.614c2865.tlog\link.command.1.tlog
f:\school\graphics_engines\graphics-componentframework22.0.0\componentframework\debug\componen.614c2865.tlog\link.read.1.tlog
f:\school\graphics_engines\graphics-componentframework22.0.0\componentframework\debug\componen.614c2865.tlog\link.write.1.tlog
