c:\users\sekan\desktop\main-componentframework22.4.5\componentframework\debug\vc143.pdb
c:\users\sekan\desktop\main-componentframework22.4.5\componentframework\debug\vc143.idb
c:\users\sekan\desktop\main-componentframework22.4.5\componentframework\debug\window.obj
c:\users\sekan\desktop\main-componentframework22.4.5\componentframework\debug\vmath.obj
c:\users\sekan\desktop\main-componentframework22.4.5\componentframework\debug\transformcomponent.obj
c:\users\sekan\desktop\main-componentframework22.4.5\componentframework\debug\tinyxml2.obj
c:\users\sekan\desktop\main-componentframework22.4.5\componentframework\debug\timer.obj
c:\users\sekan\desktop\main-componentframework22.4.5\componentframework\debug\shadercomponent.obj
c:\users\sekan\desktop\main-componentframework22.4.5\componentframework\debug\scene0.obj
c:\users\sekan\desktop\main-componentframework22.4.5\componentframework\debug\mmath.obj
c:\users\sekan\desktop\main-componentframework22.4.5\componentframework\debug\main.obj
c:\users\sekan\desktop\main-componentframework22.4.5\componentframework\debug\scenemanager.obj
c:\users\sekan\desktop\main-componentframework22.4.5\componentframework\debug\scene1.obj
c:\users\sekan\desktop\main-componentframework22.4.5\componentframework\debug\qmath.obj
c:\users\sekan\desktop\main-componentframework22.4.5\componentframework\debug\meshcomponent.obj
c:\users\sekan\desktop\main-componentframework22.4.5\componentframework\debug\materialcomponent.obj
c:\users\sekan\desktop\main-componentframework22.4.5\componentframework\debug\loadinggameobjects.obj
c:\users\sekan\desktop\main-componentframework22.4.5\componentframework\debug\lightactor.obj
c:\users\sekan\desktop\main-componentframework22.4.5\componentframework\debug\emath.obj
c:\users\sekan\desktop\main-componentframework22.4.5\componentframework\debug\debug.obj
c:\users\sekan\desktop\main-componentframework22.4.5\componentframework\debug\cameraactor.obj
c:\users\sekan\desktop\main-componentframework22.4.5\componentframework\debug\actor.obj
c:\users\sekan\desktop\main-componentframework22.4.5\componentframework\debug\componentframework.ilk
c:\users\sekan\desktop\main-componentframework22.4.5\debug\componentframework.exe
c:\users\sekan\desktop\main-componentframework22.4.5\debug\componentframework.pdb
c:\users\sekan\desktop\main-componentframework22.4.5\componentframework\debug\componen.614c2865.tlog\cl.command.1.tlog
c:\users\sekan\desktop\main-componentframework22.4.5\componentframework\debug\componen.614c2865.tlog\cl.read.1.tlog
c:\users\sekan\desktop\main-componentframework22.4.5\componentframework\debug\componen.614c2865.tlog\cl.write.1.tlog
c:\users\sekan\desktop\main-componentframework22.4.5\componentframework\debug\componen.614c2865.tlog\link.command.1.tlog
c:\users\sekan\desktop\main-componentframework22.4.5\componentframework\debug\componen.614c2865.tlog\link.read.1.tlog
c:\users\sekan\desktop\main-componentframework22.4.5\componentframework\debug\componen.614c2865.tlog\link.write.1.tlog
