c:\users\sekan\documents\school\physicsthree22startingcode\componentframework\debug\vc143.pdb
c:\users\sekan\documents\school\physicsthree22startingcode\componentframework\debug\vc143.idb
c:\users\sekan\documents\school\physicsthree22startingcode\componentframework\debug\sphere.obj
c:\users\sekan\documents\school\physicsthree22startingcode\componentframework\debug\shapecomponent.obj
c:\users\sekan\documents\school\physicsthree22startingcode\componentframework\debug\shape.obj
c:\users\sekan\documents\school\physicsthree22startingcode\componentframework\debug\shadercomponent.obj
c:\users\sekan\documents\school\physicsthree22startingcode\componentframework\debug\mmath.obj
c:\users\sekan\documents\school\physicsthree22startingcode\componentframework\debug\main.obj
c:\users\sekan\documents\school\physicsthree22startingcode\componentframework\debug\scenemanager.obj
c:\users\sekan\documents\school\physicsthree22startingcode\componentframework\debug\scene2.obj
c:\users\sekan\documents\school\physicsthree22startingcode\componentframework\debug\scene0.obj
c:\users\sekan\documents\school\physicsthree22startingcode\componentframework\debug\qmath.obj
c:\users\sekan\documents\school\physicsthree22startingcode\componentframework\debug\meshcomponent.obj
c:\users\sekan\documents\school\physicsthree22startingcode\componentframework\debug\materialcomponent.obj
c:\users\sekan\documents\school\physicsthree22startingcode\componentframework\debug\lightactor.obj
c:\users\sekan\documents\school\physicsthree22startingcode\componentframework\debug\emath.obj
c:\users\sekan\documents\school\physicsthree22startingcode\componentframework\debug\debug.obj
c:\users\sekan\documents\school\physicsthree22startingcode\componentframework\debug\cylinder.obj
c:\users\sekan\documents\school\physicsthree22startingcode\componentframework\debug\capsule.obj
c:\users\sekan\documents\school\physicsthree22startingcode\componentframework\debug\cameraactor.obj
c:\users\sekan\documents\school\physicsthree22startingcode\componentframework\debug\box.obj
c:\users\sekan\documents\school\physicsthree22startingcode\componentframework\debug\actor.obj
c:\users\sekan\documents\school\physicsthree22startingcode\componentframework\debug\xmlassetmanager.obj
c:\users\sekan\documents\school\physicsthree22startingcode\componentframework\debug\window.obj
c:\users\sekan\documents\school\physicsthree22startingcode\componentframework\debug\vmath.obj
c:\users\sekan\documents\school\physicsthree22startingcode\componentframework\debug\transformcomponent.obj
c:\users\sekan\documents\school\physicsthree22startingcode\componentframework\debug\tinyxml2.obj
c:\users\sekan\documents\school\physicsthree22startingcode\componentframework\debug\timer.obj
c:\users\sekan\documents\school\physicsthree22startingcode\debug\componentframework.pdb
c:\users\sekan\documents\school\physicsthree22startingcode\componentframework\debug\componen.614c2865.tlog\cl.command.1.tlog
c:\users\sekan\documents\school\physicsthree22startingcode\componentframework\debug\componen.614c2865.tlog\cl.read.1.tlog
c:\users\sekan\documents\school\physicsthree22startingcode\componentframework\debug\componen.614c2865.tlog\cl.write.1.tlog
c:\users\sekan\documents\school\physicsthree22startingcode\componentframework\debug\componen.614c2865.tlog\link-cvtres.read.1.tlog
c:\users\sekan\documents\school\physicsthree22startingcode\componentframework\debug\componen.614c2865.tlog\link-cvtres.write.1.tlog
c:\users\sekan\documents\school\physicsthree22startingcode\componentframework\debug\componen.614c2865.tlog\link-rc.read.1.tlog
c:\users\sekan\documents\school\physicsthree22startingcode\componentframework\debug\componen.614c2865.tlog\link-rc.write.1.tlog
c:\users\sekan\documents\school\physicsthree22startingcode\componentframework\debug\componen.614c2865.tlog\link.command.1.tlog
c:\users\sekan\documents\school\physicsthree22startingcode\componentframework\debug\componen.614c2865.tlog\link.read.1.tlog
c:\users\sekan\documents\school\physicsthree22startingcode\componentframework\debug\componen.614c2865.tlog\link.write.1.tlog
